<?xml version="1.0" encoding="UTF-8"?>
<testsuite name="very.cool.application.UserManagerTest" tests="3" skipped="0" failures="0" errors="0" timestamp="2021-10-19T12:51:13" hostname="LAPTOP-L1C7HI3H" time="0.031">
  <properties/>
  <testcase name="GetUsersFailsTest()" classname="very.cool.application.UserManagerTest" time="0.029"/>
  <testcase name="contextLoads()" classname="very.cool.application.UserManagerTest" time="0.001"/>
  <testcase name="GetAllUsersTest()" classname="very.cool.application.UserManagerTest" time="0.001"/>
  <system-out><![CDATA[]]></system-out>
  <system-err><![CDATA[]]></system-err>
</testsuite>
