<?xml version="1.0" encoding="UTF-8"?>
<testsuite name="very.cool.application.BlackjackLogicTests" tests="5" skipped="0" failures="0" errors="0" timestamp="2022-01-16T15:29:39" hostname="LAPTOP-L1C7HI3H" time="0.027">
  <properties/>
  <testcase name="startGameTest()" classname="very.cool.application.BlackjackLogicTests" time="0.022"/>
  <testcase name="FullBlackjackGameTest()" classname="very.cool.application.BlackjackLogicTests" time="0.002"/>
  <testcase name="drawCardTest()" classname="very.cool.application.BlackjackLogicTests" time="0.0"/>
  <testcase name="drawCardWhenDeckIsEmptyTest()" classname="very.cool.application.BlackjackLogicTests" time="0.001"/>
  <testcase name="playerStandsTest()" classname="very.cool.application.BlackjackLogicTests" time="0.001"/>
  <system-out><![CDATA[]]></system-out>
  <system-err><![CDATA[]]></system-err>
</testsuite>
