<?xml version="1.0" encoding="UTF-8"?>
<testsuite name="very.cool.application.MemberControllerTest" tests="12" skipped="0" failures="0" errors="0" timestamp="2022-01-16T15:29:39" hostname="LAPTOP-L1C7HI3H" time="0.041">
  <properties/>
  <testcase name="getMemberByNameFailsTest()" classname="very.cool.application.MemberControllerTest" time="0.025"/>
  <testcase name="updateMemberTestWithObjectFailed()" classname="very.cool.application.MemberControllerTest" time="0.0"/>
  <testcase name="updateMemberWithObjectTest()" classname="very.cool.application.MemberControllerTest" time="0.0"/>
  <testcase name="updateMemberTestWithVarsFailed()" classname="very.cool.application.MemberControllerTest" time="0.001"/>
  <testcase name="createUserTestFail()" classname="very.cool.application.MemberControllerTest" time="0.005"/>
  <testcase name="getMembersFailsTest()" classname="very.cool.application.MemberControllerTest" time="0.001"/>
  <testcase name="updateMemberWithVarsTest()" classname="very.cool.application.MemberControllerTest" time="0.0"/>
  <testcase name="createUserTest()" classname="very.cool.application.MemberControllerTest" time="0.002"/>
  <testcase name="contextLoads()" classname="very.cool.application.MemberControllerTest" time="0.001"/>
  <testcase name="getMembersByNameTest()" classname="very.cool.application.MemberControllerTest" time="0.0"/>
  <testcase name="deleteMemberTest()" classname="very.cool.application.MemberControllerTest" time="0.0"/>
  <testcase name="GetAllUsersTest()" classname="very.cool.application.MemberControllerTest" time="0.001"/>
  <system-out><![CDATA[]]></system-out>
  <system-err><![CDATA[]]></system-err>
</testsuite>
