<?xml version="1.0" encoding="UTF-8"?>
<testsuite name="very.cool.application.UserManagerTest" tests="8" skipped="0" failures="0" errors="0" timestamp="2021-11-05T22:29:31" hostname="LAPTOP-L1C7HI3H" time="0.021">
  <properties/>
  <testcase name="addUserTest()" classname="very.cool.application.UserManagerTest" time="0.014"/>
  <testcase name="getUserTestFail()" classname="very.cool.application.UserManagerTest" time="0.001"/>
  <testcase name="addUserTestFail()" classname="very.cool.application.UserManagerTest" time="0.001"/>
  <testcase name="updateUserTest()" classname="very.cool.application.UserManagerTest" time="0.001"/>
  <testcase name="deleteUserTestFail()" classname="very.cool.application.UserManagerTest" time="0.001"/>
  <testcase name="updateUserTestFail()" classname="very.cool.application.UserManagerTest" time="0.0"/>
  <testcase name="getUserTest()" classname="very.cool.application.UserManagerTest" time="0.0"/>
  <testcase name="deleteUserTest()" classname="very.cool.application.UserManagerTest" time="0.0"/>
  <system-out><![CDATA[]]></system-out>
  <system-err><![CDATA[]]></system-err>
</testsuite>
