<?xml version="1.0" encoding="UTF-8"?>
<testsuite name="very.cool.application.CointossLogicTests" tests="2" skipped="0" failures="0" errors="0" timestamp="2022-01-16T15:29:39" hostname="LAPTOP-L1C7HI3H" time="0.004">
  <properties/>
  <testcase name="CoinflipTest()" classname="very.cool.application.CointossLogicTests" time="0.0"/>
  <testcase name="ChooseCoinsideTest()" classname="very.cool.application.CointossLogicTests" time="0.003"/>
  <system-out><![CDATA[]]></system-out>
  <system-err><![CDATA[]]></system-err>
</testsuite>
