<?xml version="1.0" encoding="UTF-8"?>
<testsuite name="very.cool.application.MemberManagerTest" tests="8" skipped="0" failures="0" errors="0" timestamp="2022-01-16T15:29:39" hostname="LAPTOP-L1C7HI3H" time="0.006">
  <properties/>
  <testcase name="deleteMemberTestFail()" classname="very.cool.application.MemberManagerTest" time="0.001"/>
  <testcase name="getMemberTest()" classname="very.cool.application.MemberManagerTest" time="0.001"/>
  <testcase name="getMemberTestFail()" classname="very.cool.application.MemberManagerTest" time="0.001"/>
  <testcase name="addMemberTest()" classname="very.cool.application.MemberManagerTest" time="0.0"/>
  <testcase name="addMemberTestFail()" classname="very.cool.application.MemberManagerTest" time="0.0"/>
  <testcase name="updateMemberTestFail()" classname="very.cool.application.MemberManagerTest" time="0.0"/>
  <testcase name="deleteMemberTest()" classname="very.cool.application.MemberManagerTest" time="0.0"/>
  <testcase name="updateMemberTest()" classname="very.cool.application.MemberManagerTest" time="0.0"/>
  <system-out><![CDATA[]]></system-out>
  <system-err><![CDATA[]]></system-err>
</testsuite>
