<?xml version="1.0" encoding="UTF-8"?>
<testsuite name="very.cool.application.MainApplicationTests" tests="5" skipped="0" failures="0" errors="0" timestamp="2021-09-17T19:27:09" hostname="LAPTOP-L1C7HI3H" time="0.232">
  <properties/>
  <testcase name="deductPointsDeductsPoints()" classname="very.cool.application.MainApplicationTests" time="0.219"/>
  <testcase name="addingPointsDoesntAddIfPointsAreZero()" classname="very.cool.application.MainApplicationTests" time="0.002"/>
  <testcase name="deductingPointsReturnsFalseIfNoPoints()" classname="very.cool.application.MainApplicationTests" time="0.003"/>
  <testcase name="contextLoads()" classname="very.cool.application.MainApplicationTests" time="0.002"/>
  <testcase name="addingPointsAddsPoints()" classname="very.cool.application.MainApplicationTests" time="0.002"/>
  <system-out><![CDATA[21:27:07.735 [Test worker] DEBUG org.springframework.test.context.BootstrapUtils - Instantiating CacheAwareContextLoaderDelegate from class [org.springframework.test.context.cache.DefaultCacheAwareContextLoaderDelegate]
21:27:07.744 [Test worker] DEBUG org.springframework.test.context.BootstrapUtils - Instantiating BootstrapContext using constructor [public org.springframework.test.context.support.DefaultBootstrapContext(java.lang.Class,org.springframework.test.context.CacheAwareContextLoaderDelegate)]
21:27:07.766 [Test worker] DEBUG org.springframework.test.context.BootstrapUtils - Instantiating TestContextBootstrapper for test class [very.cool.application.MainApplicationTests] from class [org.springframework.boot.test.context.SpringBootTestContextBootstrapper]
21:27:07.774 [Test worker] INFO org.springframework.boot.test.context.SpringBootTestContextBootstrapper - Neither @ContextConfiguration nor @ContextHierarchy found for test class [very.cool.application.MainApplicationTests], using SpringBootContextLoader
21:27:07.777 [Test worker] DEBUG org.springframework.test.context.support.AbstractContextLoader - Did not detect default resource location for test class [very.cool.application.MainApplicationTests]: class path resource [very/cool/application/MainApplicationTests-context.xml] does not exist
21:27:07.778 [Test worker] DEBUG org.springframework.test.context.support.AbstractContextLoader - Did not detect default resource location for test class [very.cool.application.MainApplicationTests]: class path resource [very/cool/application/MainApplicationTestsContext.groovy] does not exist
21:27:07.778 [Test worker] INFO org.springframework.test.context.support.AbstractContextLoader - Could not detect default resource locations for test class [very.cool.application.MainApplicationTests]: no resource found for suffixes {-context.xml, Context.groovy}.
21:27:07.778 [Test worker] INFO org.springframework.test.context.support.AnnotationConfigContextLoaderUtils - Could not detect default configuration classes for test class [very.cool.application.MainApplicationTests]: MainApplicationTests does not declare any static, non-private, non-final, nested classes annotated with @Configuration.
21:27:07.810 [Test worker] DEBUG org.springframework.test.context.support.ActiveProfilesUtils - Could not find an 'annotation declaring class' for annotation type [org.springframework.test.context.ActiveProfiles] and class [very.cool.application.MainApplicationTests]
21:27:07.854 [Test worker] DEBUG org.springframework.context.annotation.ClassPathScanningCandidateComponentProvider - Identified candidate component class: file [C:\Users\samph\IdeaProjects\Personal project\build\classes\java\main\very\cool\application\MainApplication.class]
21:27:07.855 [Test worker] INFO org.springframework.boot.test.context.SpringBootTestContextBootstrapper - Found @SpringBootConfiguration very.cool.application.MainApplication for test class very.cool.application.MainApplicationTests
21:27:07.929 [Test worker] DEBUG org.springframework.boot.test.context.SpringBootTestContextBootstrapper - @TestExecutionListeners is not present for class [very.cool.application.MainApplicationTests]: using defaults.
21:27:07.929 [Test worker] INFO org.springframework.boot.test.context.SpringBootTestContextBootstrapper - Loaded default TestExecutionListener class names from location [META-INF/spring.factories]: [org.springframework.boot.test.autoconfigure.restdocs.RestDocsTestExecutionListener, org.springframework.boot.test.autoconfigure.web.client.MockRestServiceServerResetTestExecutionListener, org.springframework.boot.test.autoconfigure.web.servlet.MockMvcPrintOnlyOnFailureTestExecutionListener, org.springframework.boot.test.autoconfigure.web.servlet.WebDriverTestExecutionListener, org.springframework.boot.test.autoconfigure.webservices.client.MockWebServiceServerTestExecutionListener, org.springframework.boot.test.mock.mockito.MockitoTestExecutionListener, org.springframework.boot.test.mock.mockito.ResetMocksTestExecutionListener, org.springframework.test.context.web.ServletTestExecutionListener, org.springframework.test.context.support.DirtiesContextBeforeModesTestExecutionListener, org.springframework.test.context.event.ApplicationEventsTestExecutionListener, org.springframework.test.context.support.DependencyInjectionTestExecutionListener, org.springframework.test.context.support.DirtiesContextTestExecutionListener, org.springframework.test.context.transaction.TransactionalTestExecutionListener, org.springframework.test.context.jdbc.SqlScriptsTestExecutionListener, org.springframework.test.context.event.EventPublishingTestExecutionListener]
21:27:07.944 [Test worker] DEBUG org.springframework.boot.test.context.SpringBootTestContextBootstrapper - Skipping candidate TestExecutionListener [org.springframework.test.context.transaction.TransactionalTestExecutionListener] due to a missing dependency. Specify custom listener classes or make the default listener classes and their required dependencies available. Offending class: [org/springframework/transaction/interceptor/TransactionAttributeSource]
21:27:07.945 [Test worker] DEBUG org.springframework.boot.test.context.SpringBootTestContextBootstrapper - Skipping candidate TestExecutionListener [org.springframework.test.context.jdbc.SqlScriptsTestExecutionListener] due to a missing dependency. Specify custom listener classes or make the default listener classes and their required dependencies available. Offending class: [org/springframework/transaction/interceptor/TransactionAttribute]
21:27:07.946 [Test worker] INFO org.springframework.boot.test.context.SpringBootTestContextBootstrapper - Using TestExecutionListeners: [org.springframework.test.context.web.ServletTestExecutionListener@689dac71, org.springframework.test.context.support.DirtiesContextBeforeModesTestExecutionListener@7b9aea0e, org.springframework.test.context.event.ApplicationEventsTestExecutionListener@5ab73bbd, org.springframework.boot.test.mock.mockito.MockitoTestExecutionListener@719d7ef4, org.springframework.boot.test.autoconfigure.SpringBootDependencyInjectionTestExecutionListener@7466aa92, org.springframework.test.context.support.DirtiesContextTestExecutionListener@5800f48a, org.springframework.test.context.event.EventPublishingTestExecutionListener@3b0956e4, org.springframework.boot.test.autoconfigure.restdocs.RestDocsTestExecutionListener@21f9f5af, org.springframework.boot.test.autoconfigure.web.client.MockRestServiceServerResetTestExecutionListener@608af938, org.springframework.boot.test.autoconfigure.web.servlet.MockMvcPrintOnlyOnFailureTestExecutionListener@3ff1f507, org.springframework.boot.test.autoconfigure.web.servlet.WebDriverTestExecutionListener@4ebe2a6b, org.springframework.boot.test.autoconfigure.webservices.client.MockWebServiceServerTestExecutionListener@2004fa9e, org.springframework.boot.test.mock.mockito.ResetMocksTestExecutionListener@1770949f]
21:27:07.948 [Test worker] DEBUG org.springframework.test.context.support.AbstractDirtiesContextTestExecutionListener - Before test class: context [DefaultTestContext@e275bc4 testClass = MainApplicationTests, testInstance = [null], testMethod = [null], testException = [null], mergedContextConfiguration = [WebMergedContextConfiguration@3c062934 testClass = MainApplicationTests, locations = '{}', classes = '{class very.cool.application.MainApplication}', contextInitializerClasses = '[]', activeProfiles = '{}', propertySourceLocations = '{}', propertySourceProperties = '{org.springframework.boot.test.context.SpringBootTestContextBootstrapper=true}', contextCustomizers = set[org.springframework.boot.test.autoconfigure.actuate.metrics.MetricsExportContextCustomizerFactory$DisableMetricExportContextCustomizer@504a621d, org.springframework.boot.test.autoconfigure.properties.PropertyMappingContextCustomizer@0, org.springframework.boot.test.autoconfigure.web.servlet.WebDriverContextCustomizerFactory$Customizer@740d3e91, org.springframework.boot.test.context.filter.ExcludeFilterContextCustomizer@696bd867, org.springframework.boot.test.json.DuplicateJsonObjectContextCustomizerFactory$DuplicateJsonObjectContextCustomizer@67eceaf5, org.springframework.boot.test.mock.mockito.MockitoContextCustomizer@0, org.springframework.boot.test.web.client.TestRestTemplateContextCustomizer@715e0209, org.springframework.boot.test.context.SpringBootTestArgs@1, org.springframework.boot.test.context.SpringBootTestWebEnvironment@6b737f36], resourceBasePath = 'src/main/webapp', contextLoader = 'org.springframework.boot.test.context.SpringBootContextLoader', parent = [null]], attributes = map['org.springframework.test.context.web.ServletTestExecutionListener.activateListener' -> true]], class annotated with @DirtiesContext [false] with mode [null].
21:27:07.972 [Test worker] DEBUG org.springframework.test.context.support.TestPropertySourceUtils - Adding inlined properties to environment: {spring.jmx.enabled=false, org.springframework.boot.test.context.SpringBootTestContextBootstrapper=true}

  .   ____          _            __ _ _
 /\\ / ___'_ __ _ _(_)_ __  __ _ \ \ \ \
( ( )\___ | '_ | '_| | '_ \/ _` | \ \ \ \
 \\/  ___)| |_)| | | | | || (_| |  ) ) ) )
  '  |____| .__|_| |_|_| |_\__, | / / / /
 =========|_|==============|___/=/_/_/_/
 :: Spring Boot ::                (v2.4.2)

2021-09-17 21:27:08.163  INFO 11120 --- [    Test worker] v.cool.application.MainApplicationTests  : Starting MainApplicationTests using Java 11 on LAPTOP-L1C7HI3H with PID 11120 (started by samph in C:\Users\samph\IdeaProjects\Personal project)
2021-09-17 21:27:08.166  INFO 11120 --- [    Test worker] v.cool.application.MainApplicationTests  : No active profile set, falling back to default profiles: default
2021-09-17 21:27:09.017  INFO 11120 --- [    Test worker] o.s.s.concurrent.ThreadPoolTaskExecutor  : Initializing ExecutorService 'applicationTaskExecutor'
2021-09-17 21:27:09.239  INFO 11120 --- [    Test worker] v.cool.application.MainApplicationTests  : Started MainApplicationTests in 1.261 seconds (JVM running for 2.251)
]]></system-out>
  <system-err><![CDATA[]]></system-err>
</testsuite>
